Arguments: 
  C:\Program Files\nodejs\node.exe C:\Program Files (x86)\Yarn\bin\yarn.js init

PATH: 
  C:\Program Files\Haskell\bin;C:\Program Files\Haskell Platform\8.6.5\lib\extralibs\bin;C:\Program Files\Haskell Platform\8.6.5\bin;C:\Program Files (x86)\Common Files\Oracle\Java\javapath;C:\Program Files (x86)\NVIDIA Corporation\PhysX\Common;C:\WINDOWS\system32;C:\WINDOWS;C:\WINDOWS\System32\Wbem;C:\WINDOWS\System32\WindowsPowerShell\v1.0\;C:\WINDOWS\System32\OpenSSH\;C:\Program Files\Git\cmd;C:\Program Files\Intel\WiFi\bin\;C:\Program Files\Common Files\Intel\WirelessCommon\;C:\Program Files\NVIDIA Corporation\NVIDIA NvDLISR;C:\Program Files\PuTTY\;C:\Program Files (x86)\Common Files\Propellerhead Software\ReWire\;C:\Program Files\Common Files\Propellerhead Software\ReWire\;C:\Program Files (x86)\Intel\Intel(R) Management Engine Components\DAL;C:\Program Files\Intel\Intel(R) Management Engine Components\DAL;C:\Program Files\Microsoft SQL Server\120\Tools\Binn\;C:\Program Files\dotnet\;C:\Program Files\Haskell Platform\8.6.5\mingw\bin;C:\WINDOWS\system32;C:\WINDOWS;C:\WINDOWS\System32\Wbem;C:\WINDOWS\System32\WindowsPowerShell\v1.0\;C:\WINDOWS\System32\OpenSSH\;C:\Program Files (x86)\Muse;C:\Program Files (x86)\Yarn\bin\;C:\Program Files\MATLAB\MATLAB Runtime\v95\runtime\win64;C:\Users\rauls\AppData\Roaming\nvm;C:\Program Files\nodejs;C:\Go\bin;C:\Program Files\Docker\Docker\resources\bin;C:\ProgramData\DockerDesktop\version-bin;C:\Program Files\PostgreSQL\13\bin;C:\Program Files\PostgreSQL\13\lib;C:\Program Files\heroku\bin;C:\Users\rauls\Documents\Programming\ArchieProject\gactions\gactions.exe;C:\Program Files\MySQL\MySQL Shell 8.0\bin\;C:\Users\rauls\AppData\Roaming\cabal\bin;C:\Users\rauls\AppData\Roaming\local\bin;C:\Users\rauls\scoop\shims;C:\Users\rauls\AppData\Local\Microsoft\WindowsApps;C:\Users\rauls\AppData\Local\Programs\Python\Python37;C:\Users\rauls\AppData\Local\Programs\Python\Python37\Scripts;C:\Users\rauls\AppData\Local\Programs\Microsoft VS Code\bin;C:\Users\rauls\AppData\Local\GitHubDesktop\bin;C:\Users\rauls\AppData\Roaming\npm;C:\Program Files\PostgreSQL\11\bin;C:\Program Files\JetBrains\IntelliJ IDEA 2018.3.5\bin;C:\Users\rauls\AppData\Local\atom\bin;C:\Users\rauls\AppData\Local\Microsoft\WindowsApps;C:\Program Files\JetBrains\PyCharm Community Edition 2019.3\bin;;C:\Users\rauls\AppData\Local\Yarn\bin;C:\Users\rauls\AppData\Roaming\nvm;C:\Program Files\nodejs;C:\Users\rauls\go\bin;C:\Users\rauls\Documents\Programming\App Development\flutter\bin;C:\Users\rauls\Documents\Useful\ffmpeg-4.3.1-2020-10-01-full_build\bin;C:\Program Files\heroku\bin;

Yarn version: 
  1.22.0

Node version: 
  10.17.0

Platform: 
  win32 x64

Trace: 
  Error: canceled
      at Interface.<anonymous> (C:\Program Files (x86)\Yarn\lib\cli.js:136987:13)
      at Interface.emit (events.js:198:13)
      at Interface._ttyWrite (readline.js:801:16)
      at ReadStream.onkeypress (readline.js:184:10)
      at ReadStream.emit (events.js:198:13)
      at emitKeys (internal/readline.js:424:14)
      at emitKeys.next (<anonymous>)
      at ReadStream.onData (readline.js:1073:36)
      at ReadStream.emit (events.js:198:13)
      at addChunk (_stream_readable.js:287:12)

npm manifest: 
  No manifest

yarn manifest: 
  No manifest

Lockfile: 
  No lockfile
